{"level":"debug","ts":"2026-01-18T03:26:00.050+0530","caller":"initializer/manager.go:56","msg":"Local DB already initialized on manager"}
{"level":"warn","ts":"2026-01-18T03:26:00.050+0530","caller":"initializer/manager.go:143","msg":"config folder does not exist"}
{"level":"error","ts":"2026-01-18T03:26:00.050+0530","caller":"initializer/manager.go:152","msg":"policy file does not exist","path":"config/casbin_rbac_policy.csv","stacktrace":"github.com/aruncs31s/azf/initializer.(*Manager).InitCasbin\n\t/home/aruncs/go/pkg/mod/github.com/aruncs31s/azf@v0.0.8/initializer/manager.go:152\ngithub.com/aruncs31s/azf/initializer.NewAndInitManager\n\t/home/aruncs/go/pkg/mod/github.com/aruncs31s/azf@v0.0.8/initializer/manager.go:355\ngithub.com/aruncs31s/azf.InitAuthZModule\n\t/home/aruncs/go/pkg/mod/github.com/aruncs31s/azf@v0.0.8/authzframework.go:44\ngithub.com/aruncs31s/esdcauthmodule.InitAZFModule\n\t/home/aruncs/Startups/ESDC/esdcauthmodule/auth.go:51\ngithub.com/aruncs31s/esdcauthmodule.InitFullAZF\n\t/home/aruncs/Startups/ESDC/esdcauthmodule/auth.go:106\nmain.main\n\t/home/aruncs/Startups/ESDC/esdcauthmodule/cmd/main.go:48\nruntime.main\n\t/usr/lib/go/src/runtime/proc.go:285"}
{"level":"info","ts":"2026-01-18T03:26:00.050+0530","caller":"initializer/manager.go:167","msg":"successfully copied default policy to","path":"config/casbin_rbac_policy.csv"}
{"level":"error","ts":"2026-01-18T03:26:00.050+0530","caller":"initializer/manager.go:171","msg":"model file does not exist","path":"config/casbin_rbac_policy.csv","stacktrace":"github.com/aruncs31s/azf/initializer.(*Manager).InitCasbin\n\t/home/aruncs/go/pkg/mod/github.com/aruncs31s/azf@v0.0.8/initializer/manager.go:171\ngithub.com/aruncs31s/azf/initializer.NewAndInitManager\n\t/home/aruncs/go/pkg/mod/github.com/aruncs31s/azf@v0.0.8/initializer/manager.go:355\ngithub.com/aruncs31s/azf.InitAuthZModule\n\t/home/aruncs/go/pkg/mod/github.com/aruncs31s/azf@v0.0.8/authzframework.go:44\ngithub.com/aruncs31s/esdcauthmodule.InitAZFModule\n\t/home/aruncs/Startups/ESDC/esdcauthmodule/auth.go:51\ngithub.com/aruncs31s/esdcauthmodule.InitFullAZF\n\t/home/aruncs/Startups/ESDC/esdcauthmodule/auth.go:106\nmain.main\n\t/home/aruncs/Startups/ESDC/esdcauthmodule/cmd/main.go:48\nruntime.main\n\t/usr/lib/go/src/runtime/proc.go:285"}
{"level":"info","ts":"2026-01-18T03:26:00.050+0530","caller":"initializer/manager.go:187","msg":"successfully copied default policy to","path":"config/casbin_rbac_model.conf"}
{"level":"info","ts":"2026-01-18T03:26:00.050+0530","caller":"initializer/manager.go:204","msg":"Casbin initialized on manager","policy":"config/casbin_rbac_policy.csv"}
{"level":"info","ts":"2026-01-18T03:26:00.050+0530","caller":"enterprise/setup.go:133","msg":"Route registry initialized"}
{"level":"info","ts":"2026-01-18T03:26:00.050+0530","caller":"enterprise/setup.go:161","msg":"Policy validator initialized","policy_file":"config/casbin_rbac_policy.csv"}
{"level":"info","ts":"2026-01-18T03:26:00.063+0530","caller":"enterprise/setup.go:176","msg":"Created authorization_audit_logs table"}
{"level":"info","ts":"2026-01-18T03:26:00.063+0530","caller":"enterprise/setup.go:184","msg":"Audit repository initialized","existing_logs":0}
{"level":"info","ts":"2026-01-18T03:26:00.063+0530","caller":"enterprise/setup.go:221","msg":"In-memory rate limiter initialized","default_limit":60,"burst_allowance":20}
{"level":"info","ts":"2026-01-18T03:26:00.064+0530","caller":"enterprise/setup.go:249","msg":"Enterprise auth middleware initialized","audit_logging":true,"rate_limiting":true,"deprecation_check":true}
{"level":"info","ts":"2026-01-18T03:26:00.064+0530","caller":"enterprise/setup.go:117","msg":"Enterprise authorization setup completed","environment":"development","audit_logging":true,"rate_limiting":true,"deprecation_check":true}
{"level":"warn","ts":"2026-01-18T03:26:00.064+0530","caller":"logger/logger.go:74","msg":"Enterprise route metadata config file not found, using compatibility mode","path":"application/routes/enterprise_route_metadata.json","error":"open application/routes/enterprise_route_metadata.json: no such file or directory"}
{"level":"warn","ts":"2026-01-18T03:26:00.064+0530","caller":"logger/logger.go:74","msg":"Failed to load enterprise route metadata from config, enterprise authorization may be limited","error":"open application/routes/enterprise_route_metadata.json: no such file or directory"}
{"level":"DEBUG","ts":"2026-01-18T03:31:44.590+0530","caller":"initializer/manager.go:63","msg":"Local DB already initialized on manager"}
{"level":"INFO","ts":"2026-01-18T03:31:44.590+0530","caller":"initializer/manager.go:151","msg":"config folder exists"}
{"level":"INFO","ts":"2026-01-18T03:31:44.591+0530","caller":"initializer/manager.go:206","msg":"Casbin initialized on manager","policy":"config/casbin_rbac_policy.csv"}
{"level":"INFO","ts":"2026-01-18T03:31:44.591+0530","caller":"enterprise/setup.go:133","msg":"Route registry initialized"}
{"level":"INFO","ts":"2026-01-18T03:31:44.591+0530","caller":"enterprise/setup.go:161","msg":"Policy validator initialized","policy_file":"config/casbin_rbac_policy.csv"}
{"level":"INFO","ts":"2026-01-18T03:31:44.591+0530","caller":"enterprise/setup.go:184","msg":"Audit repository initialized","existing_logs":0}
{"level":"INFO","ts":"2026-01-18T03:31:44.591+0530","caller":"enterprise/setup.go:221","msg":"In-memory rate limiter initialized","default_limit":60,"burst_allowance":20}
{"level":"INFO","ts":"2026-01-18T03:31:44.591+0530","caller":"enterprise/setup.go:249","msg":"Enterprise auth middleware initialized","audit_logging":true,"rate_limiting":true,"deprecation_check":true}
{"level":"INFO","ts":"2026-01-18T03:31:44.591+0530","caller":"enterprise/setup.go:117","msg":"Enterprise authorization setup completed","environment":"development","audit_logging":true,"rate_limiting":true,"deprecation_check":true}
{"level":"WARN","ts":"2026-01-18T03:31:44.591+0530","caller":"enterprise/route_metadata_loader.go:24","msg":"No enterprise config provided using default config"}
{"level":"WARN","ts":"2026-01-18T03:31:44.591+0530","caller":"logger/logger.go:185","msg":"Enterprise route metadata config file not found, using compatibility mode","path":"application/routes/enterprise_route_metadata.json","error":"open application/routes/enterprise_route_metadata.json: no such file or directory"}
{"level":"WARN","ts":"2026-01-18T03:31:44.591+0530","caller":"logger/logger.go:185","msg":"Failed to load enterprise route metadata from config, enterprise authorization may be limited","error":"open application/routes/enterprise_route_metadata.json: no such file or directory"}
{"level":"WARN","ts":"2026-01-18T03:31:44.591+0530","caller":"logger/logger.go:185","msg":"JWT_SECRET not set, OAuth will not be available"}
{"level":"INFO","ts":"2026-01-18T03:35:02.273+0530","caller":"enterprise/enterprise_auth_middleware.go:98","msg":"Path Notmalization Cheking","path before normalization":"/favicon.ico","path after normalization":"/favicon.ico"}
{"level":"WARN","ts":"2026-01-18T03:35:02.274+0530","caller":"enterprise/enterprise_auth_middleware.go:453","msg":"Unauthorized access attempt","request_id":"dcb5f444-5a53-432a-9aeb-9d0f627c8ca6","path":"/favicon.ico","message":"User role not found"}
{"level":"ERROR","ts":"2026-01-18T03:35:02.274+0530","caller":"middleware/api_usage_tracking.go:169","msg":"Failed to store API usage log","endpoint":"/favicon.ico","error":"no such table: api_usage_logs","stacktrace":"github.com/aruncs31s/azf/application/middleware.storeAPIUsageLog\n\t/home/aruncs/go/pkg/mod/github.com/aruncs31s/azf@v0.0.9/application/middleware/api_usage_tracking.go:169"}
{"level":"ERROR","ts":"2026-01-18T03:35:02.274+0530","caller":"middleware/api_usage_tracking.go:177","msg":"Falied to store API Stats","stacktrace":"github.com/aruncs31s/azf/application/middleware.storeAPIUsageLog\n\t/home/aruncs/go/pkg/mod/github.com/aruncs31s/azf@v0.0.9/application/middleware/api_usage_tracking.go:177"}
{"level":"INFO","ts":"2026-01-18T03:36:01.878+0530","caller":"enterprise/enterprise_auth_middleware.go:98","msg":"Path Notmalization Cheking","path before normalization":"/favicon.ico","path after normalization":"/favicon.ico"}
{"level":"WARN","ts":"2026-01-18T03:36:01.878+0530","caller":"enterprise/enterprise_auth_middleware.go:453","msg":"Unauthorized access attempt","request_id":"3721c58a-9984-4540-a015-90b55eb699da","path":"/favicon.ico","message":"User role not found"}
{"level":"ERROR","ts":"2026-01-18T03:36:01.879+0530","caller":"middleware/api_usage_tracking.go:169","msg":"Failed to store API usage log","endpoint":"/favicon.ico","error":"no such table: api_usage_logs","stacktrace":"github.com/aruncs31s/azf/application/middleware.storeAPIUsageLog\n\t/home/aruncs/go/pkg/mod/github.com/aruncs31s/azf@v0.0.9/application/middleware/api_usage_tracking.go:169"}
{"level":"ERROR","ts":"2026-01-18T03:36:01.879+0530","caller":"middleware/api_usage_tracking.go:177","msg":"Falied to store API Stats","stacktrace":"github.com/aruncs31s/azf/application/middleware.storeAPIUsageLog\n\t/home/aruncs/go/pkg/mod/github.com/aruncs31s/azf@v0.0.9/application/middleware/api_usage_tracking.go:177"}
{"level":"INFO","ts":"2026-01-18T03:36:07.428+0530","caller":"enterprise/enterprise_auth_middleware.go:98","msg":"Path Notmalization Cheking","path before normalization":"/favicon.ico","path after normalization":"/favicon.ico"}
{"level":"WARN","ts":"2026-01-18T03:36:07.428+0530","caller":"enterprise/enterprise_auth_middleware.go:453","msg":"Unauthorized access attempt","request_id":"fc52f3fd-3321-447a-a0f0-86b58bfd5569","path":"/favicon.ico","message":"User role not found"}
{"level":"ERROR","ts":"2026-01-18T03:36:07.428+0530","caller":"middleware/api_usage_tracking.go:169","msg":"Failed to store API usage log","endpoint":"/favicon.ico","error":"no such table: api_usage_logs","stacktrace":"github.com/aruncs31s/azf/application/middleware.storeAPIUsageLog\n\t/home/aruncs/go/pkg/mod/github.com/aruncs31s/azf@v0.0.9/application/middleware/api_usage_tracking.go:169"}
{"level":"ERROR","ts":"2026-01-18T03:36:07.428+0530","caller":"middleware/api_usage_tracking.go:177","msg":"Falied to store API Stats","stacktrace":"github.com/aruncs31s/azf/application/middleware.storeAPIUsageLog\n\t/home/aruncs/go/pkg/mod/github.com/aruncs31s/azf@v0.0.9/application/middleware/api_usage_tracking.go:177"}
